#
# There is insufficient memory for the Java Runtime Environment to continue.
# Native memory allocation (malloc) failed to allocate 32744 bytes for ChunkPool::allocate
# Possible reasons:
#   The system is out of physical RAM or swap space
#   In 32 bit mode, the process size limit was hit
# Possible solutions:
#   Reduce memory load on the system
#   Increase physical memory or swap space
#   Check if swap backing store is full
#   Use 64 bit Java on a 64 bit OS
#   Decrease Java heap size (-Xmx/-Xms)
#   Decrease number of Java threads
#   Decrease Java thread stack sizes (-Xss)
#   Set larger code cache with -XX:ReservedCodeCacheSize=
# This output file may be truncated or incomplete.
#
#  Out of Memory Error (allocation.cpp:273), pid=17216, tid=0x0000000000002a10
#
# JRE version: Java(TM) SE Runtime Environment (8.0_112-b15) (build 1.8.0_112-b15)
# Java VM: Java HotSpot(TM) 64-Bit Server VM (25.112-b15 mixed mode windows-amd64 compressed oops)
# Failed to write core dump. Minidumps are not enabled by default on client versions of Windows
#

---------------  T H R E A D  ---------------

Current thread (0x0000000015a71800):  JavaThread "C2 CompilerThread0" daemon [_thread_in_native, id=10768, stack(0x00000000170c0000,0x00000000171c0000)]

Stack: [0x00000000170c0000,0x00000000171c0000]
[error occurred during error reporting (printing stack bounds), id 0xc0000005]

Native frames: (J=compiled Java code, j=interpreted, Vv=VM code, C=native code)


Current CompileTask:
C2:7502112 6928   !   4       org.gradle.launcher.daemon.registry.PersistentDaemonRegistry::getDaemonsMatching (104 bytes)


---------------  P R O C E S S  ---------------

Java Threads: ( => current thread )
  0x000000001a701000 JavaThread "Forward streams with process: command 'C:\Program Files\Java\jdk1.8.0_112\bin\java.exe' Thread 3" [_thread_in_native, id=13880, stack(0x0000000022790000,0x0000000022890000)]
  0x000000001a700800 JavaThread "Forward streams with process: command 'C:\Program Files\Java\jdk1.8.0_112\bin\java.exe' Thread 2" [_thread_in_native, id=6448, stack(0x0000000022690000,0x0000000022790000)]
  0x000000001a704000 JavaThread "Run command 'C:\Program Files\Java\jdk1.8.0_112\bin\java.exe'" [_thread_in_native, id=11084, stack(0x0000000022390000,0x0000000022490000)]
  0x000000001a702800 JavaThread "Forward streams with process: Gradle Worker Daemon 1 Thread 3" [_thread_in_native, id=4340, stack(0x0000000021e90000,0x0000000021f90000)]
  0x0000000018ba4800 JavaThread "Forward streams with process: Gradle Worker Daemon 1 Thread 2" [_thread_in_native, id=10288, stack(0x0000000021d90000,0x0000000021e90000)]
  0x0000000018baa000 JavaThread "Run Gradle Worker Daemon 1" [_thread_in_native, id=15248, stack(0x0000000021a90000,0x0000000021b90000)]
  0x0000000018ba9000 JavaThread "Cache worker for file content cache (D:\finalyear\StudentMarksheetSys\.gradle\3.4.1\fileContent)" [_thread_blocked, id=13064, stack(0x0000000021240000,0x0000000021340000)]
  0x0000000018ba8800 JavaThread "Cache worker for task history cache (D:\finalyear\StudentMarksheetSys\.gradle\3.4.1\taskHistory)" [_thread_blocked, id=7412, stack(0x000000001de40000,0x000000001df40000)]
  0x0000000018ba7800 JavaThread "Memory manager" [_thread_blocked, id=7940, stack(0x000000001da70000,0x000000001db70000)]
  0x0000000018ba7000 JavaThread "File lock request listener" [_thread_in_native, id=13052, stack(0x000000001a400000,0x000000001a500000)]
  0x0000000018acc800 JavaThread "Cache worker for file hash cache (C:\Users\rocks\.gradle\caches\3.4.1\fileHashes)" [_thread_blocked, id=1948, stack(0x000000001a300000,0x000000001a400000)]
  0x0000000018a4b800 JavaThread "Asynchronous log dispatcher for DefaultDaemonConnection: socket connection from /127.0.0.1:49189 to /127.0.0.1:49190" [_thread_blocked, id=3668, stack(0x000000001a100000,0x000000001a200000)]
  0x0000000018d67800 JavaThread "Daemon worker" [_thread_blocked, id=15224, stack(0x000000001a000000,0x000000001a100000)]
  0x0000000018fe1000 JavaThread "Cancel handler" [_thread_blocked, id=17012, stack(0x0000000019f00000,0x000000001a000000)]
  0x00000000185bc000 JavaThread "Handler for socket connection from /127.0.0.1:49189 to /127.0.0.1:49190" [_thread_in_native, id=8900, stack(0x0000000019c00000,0x0000000019d00000)]
  0x00000000185b9800 JavaThread "Daemon" [_thread_blocked, id=15872, stack(0x0000000019b00000,0x0000000019c00000)]
  0x0000000018d17800 JavaThread "Daemon periodic checks" [_thread_blocked, id=3484, stack(0x0000000019a00000,0x0000000019b00000)]
  0x0000000018947000 JavaThread "Incoming local TCP Connector on port 49189" [_thread_in_native, id=12896, stack(0x00000000197d0000,0x00000000198d0000)]
  0x000000001813f000 JavaThread "Daemon health stats" [_thread_blocked, id=13024, stack(0x00000000194d0000,0x00000000195d0000)]
  0x00000000173e8800 JavaThread "Service Thread" daemon [_thread_blocked, id=17360, stack(0x00000000177c0000,0x00000000178c0000)]
  0x0000000015a77800 JavaThread "C1 CompilerThread2" daemon [_thread_blocked, id=9300, stack(0x00000000172c0000,0x00000000173c0000)]
  0x0000000015a74800 JavaThread "C2 CompilerThread1" daemon [_thread_blocked, id=12724, stack(0x00000000171c0000,0x00000000172c0000)]
=>0x0000000015a71800 JavaThread "C2 CompilerThread0" daemon [_thread_in_native, id=10768, stack(0x00000000170c0000,0x00000000171c0000)]
  0x0000000015a6e000 JavaThread "Attach Listener" daemon [_thread_blocked, id=13708, stack(0x0000000016fc0000,0x00000000170c0000)]
  0x0000000015a6c800 JavaThread "Signal Dispatcher" daemon [_thread_blocked, id=15648, stack(0x0000000016ec0000,0x0000000016fc0000)]
  0x000000000339c800 JavaThread "Finalizer" daemon [_thread_blocked, id=16560, stack(0x0000000016cd0000,0x0000000016dd0000)]
  0x0000000003392000 JavaThread "Reference Handler" daemon [_thread_blocked, id=8488, stack(0x0000000016bd0000,0x0000000016cd0000)]
  0x00000000032a2800 JavaThread "main" [_thread_blocked, id=2688, stack(0x0000000003160000,0x0000000003260000)]

Other Threads:
  0x0000000015a38000 VMThread [stack: 0x0000000016ad0000,0x0000000016bd0000] [id=11416]
  0x0000000017419800 WatcherThread [stack: 0x00000000178c0000,0x00000000179c0000] [id=18004]

VM state:not at safepoint (normal execution)

VM Mutex/Monitor currently owned by a thread: None

Heap:
 PSYoungGen      total 274432K, used 112061K [0x00000000eab00000, 0x00000000fd400000, 0x0000000100000000)
  eden space 257024K, 36% used [0x00000000eab00000,0x00000000f07719a0,0x00000000fa600000)
  from space 17408K, 99% used [0x00000000fc300000,0x00000000fd3fdcb0,0x00000000fd400000)
  to   space 20480K, 0% used [0x00000000fac00000,0x00000000fac00000,0x00000000fc000000)
 ParOldGen       total 139264K, used 23039K [0x00000000c0000000, 0x00000000c8800000, 0x00000000eab00000)
  object space 139264K, 16% used [0x00000000c0000000,0x00000000c167fde8,0x00000000c8800000)
 Metaspace       used 42243K, capacity 43382K, committed 43648K, reserved 1087488K
  class space    used 5952K, capacity 6235K, committed 6272K, reserved 1048576K

Card table byte_map: [0x0000000012760000,0x0000000012970000] byte_map_base: 0x0000000012160000

Marking Bits: (ParMarkBitMap*) 0x000000006954a6d0
 Begin Bits: [0x0000000012ed0000, 0x0000000013ed0000)
 End Bits:   [0x0000000013ed0000, 0x0000000014ed0000)

Polling page: 0x00000000018f0000

CodeCache: size=245760Kb used=20809Kb max_used=20815Kb free=224950Kb
 bounds [0x00000000033a0000, 0x0000000004810000, 0x00000000123a0000]
 total_blobs=6685 nmethods=6000 adapters=596
 compilation: enabled

Compilation events (10 events):
Event: 7370.039 Thread 0x0000000015a74800 nmethod 6923 0x0000000003dc4a50 code [0x0000000003dc4b80, 0x0000000003dc4bd8]
Event: 7371.595 Thread 0x0000000015a71800 6924       4       java.util.concurrent.CopyOnWriteArrayList::indexOf (63 bytes)
Event: 7371.609 Thread 0x0000000015a71800 nmethod 6924 0x000000000480dbd0 code [0x000000000480dd40, 0x000000000480e658]
Event: 7382.037 Thread 0x0000000015a77800 6925       1       java.util.concurrent.ThreadPoolExecutor::runStateOf (5 bytes)
Event: 7382.038 Thread 0x0000000015a77800 nmethod 6925 0x0000000003b73650 code [0x0000000003b737a0, 0x0000000003b73890]
Event: 7401.329 Thread 0x0000000015a74800 6926       4       java.io.ObjectInputStream$PeekInputStream::readFully (48 bytes)
Event: 7401.331 Thread 0x0000000015a74800 nmethod 6926 0x000000000480a090 code [0x000000000480a1e0, 0x000000000480a2c8]
Event: 7442.038 Thread 0x0000000015a77800 6927   !   3       java.util.concurrent.ThreadPoolExecutor::getTask (179 bytes)
Event: 7442.046 Thread 0x0000000015a77800 nmethod 6927 0x0000000004808110 code [0x0000000004808360, 0x0000000004809498]
Event: 7501.338 Thread 0x0000000015a71800 6928   !   4       org.gradle.launcher.daemon.registry.PersistentDaemonRegistry::getDaemonsMatching (104 bytes)

GC Heap History (10 events):
Event: 8.566 GC heap before
{Heap before GC invocations=6 (full 1):
 PSYoungGen      total 115712K, used 115249K [0x00000000eab00000, 0x00000000f3c80000, 0x0000000100000000)
  eden space 108544K, 100% used [0x00000000eab00000,0x00000000f1500000,0x00000000f1500000)
  from space 7168K, 93% used [0x00000000f3580000,0x00000000f3c0c608,0x00000000f3c80000)
  to   space 10752K, 0% used [0x00000000f2780000,0x00000000f2780000,0x00000000f3200000)
 ParOldGen       total 94720K, used 7192K [0x00000000c0000000, 0x00000000c5c80000, 0x00000000eab00000)
  object space 94720K, 7% used [0x00000000c0000000,0x00000000c07062e0,0x00000000c5c80000)
 Metaspace       used 31062K, capacity 31616K, committed 31872K, reserved 1077248K
  class space    used 4303K, capacity 4452K, committed 4480K, reserved 1048576K
Event: 8.575 GC heap after
Heap after GC invocations=6 (full 1):
 PSYoungGen      total 138240K, used 8444K [0x00000000eab00000, 0x00000000f6d00000, 0x0000000100000000)
  eden space 127488K, 0% used [0x00000000eab00000,0x00000000eab00000,0x00000000f2780000)
  from space 10752K, 78% used [0x00000000f2780000,0x00000000f2fbf2d8,0x00000000f3200000)
  to   space 12800K, 0% used [0x00000000f6080000,0x00000000f6080000,0x00000000f6d00000)
 ParOldGen       total 94720K, used 7272K [0x00000000c0000000, 0x00000000c5c80000, 0x00000000eab00000)
  object space 94720K, 7% used [0x00000000c0000000,0x00000000c071a2f0,0x00000000c5c80000)
 Metaspace       used 31062K, capacity 31616K, committed 31872K, reserved 1077248K
  class space    used 4303K, capacity 4452K, committed 4480K, reserved 1048576K
}
Event: 9.392 GC heap before
{Heap before GC invocations=7 (full 1):
 PSYoungGen      total 138240K, used 106484K [0x00000000eab00000, 0x00000000f6d00000, 0x0000000100000000)
  eden space 127488K, 76% used [0x00000000eab00000,0x00000000f0abe008,0x00000000f2780000)
  from space 10752K, 78% used [0x00000000f2780000,0x00000000f2fbf2d8,0x00000000f3200000)
  to   space 12800K, 0% used [0x00000000f6080000,0x00000000f6080000,0x00000000f6d00000)
 ParOldGen       total 94720K, used 7272K [0x00000000c0000000, 0x00000000c5c80000, 0x00000000eab00000)
  object space 94720K, 7% used [0x00000000c0000000,0x00000000c071a2f0,0x00000000c5c80000)
 Metaspace       used 34707K, capacity 35268K, committed 35416K, reserved 1079296K
  class space    used 4859K, capacity 5024K, committed 5120K, reserved 1048576K
Event: 9.409 GC heap after
Heap after GC invocations=7 (full 1):
 PSYoungGen      total 184320K, used 12779K [0x00000000eab00000, 0x00000000f8a80000, 0x0000000100000000)
  eden space 171520K, 0% used [0x00000000eab00000,0x00000000eab00000,0x00000000f5280000)
  from space 12800K, 99% used [0x00000000f6080000,0x00000000f6cfac98,0x00000000f6d00000)
  to   space 14336K, 0% used [0x00000000f5280000,0x00000000f5280000,0x00000000f6080000)
 ParOldGen       total 94720K, used 7334K [0x00000000c0000000, 0x00000000c5c80000, 0x00000000eab00000)
  object space 94720K, 7% used [0x00000000c0000000,0x00000000c0729a60,0x00000000c5c80000)
 Metaspace       used 34707K, capacity 35268K, committed 35416K, reserved 1079296K
  class space    used 4859K, capacity 5024K, committed 5120K, reserved 1048576K
}
Event: 9.409 GC heap before
{Heap before GC invocations=8 (full 2):
 PSYoungGen      total 184320K, used 12779K [0x00000000eab00000, 0x00000000f8a80000, 0x0000000100000000)
  eden space 171520K, 0% used [0x00000000eab00000,0x00000000eab00000,0x00000000f5280000)
  from space 12800K, 99% used [0x00000000f6080000,0x00000000f6cfac98,0x00000000f6d00000)
  to   space 14336K, 0% used [0x00000000f5280000,0x00000000f5280000,0x00000000f6080000)
 ParOldGen       total 94720K, used 7334K [0x00000000c0000000, 0x00000000c5c80000, 0x00000000eab00000)
  object space 94720K, 7% used [0x00000000c0000000,0x00000000c0729a60,0x00000000c5c80000)
 Metaspace       used 34707K, capacity 35268K, committed 35416K, reserved 1079296K
  class space    used 4859K, capacity 5024K, committed 5120K, reserved 1048576K
Event: 9.499 GC heap after
Heap after GC invocations=8 (full 2):
 PSYoungGen      total 184320K, used 0K [0x00000000eab00000, 0x00000000f8a80000, 0x0000000100000000)
  eden space 171520K, 0% used [0x00000000eab00000,0x00000000eab00000,0x00000000f5280000)
  from space 12800K, 0% used [0x00000000f6080000,0x00000000f6080000,0x00000000f6d00000)
  to   space 14336K, 0% used [0x00000000f5280000,0x00000000f5280000,0x00000000f6080000)
 ParOldGen       total 139264K, used 19407K [0x00000000c0000000, 0x00000000c8800000, 0x00000000eab00000)
  object space 139264K, 13% used [0x00000000c0000000,0x00000000c12f3e58,0x00000000c8800000)
 Metaspace       used 34707K, capacity 35268K, committed 35416K, reserved 1079296K
  class space    used 4859K, capacity 5024K, committed 5120K, reserved 1048576K
}
Event: 11.593 GC heap before
{Heap before GC invocations=9 (full 2):
 PSYoungGen      total 184320K, used 171520K [0x00000000eab00000, 0x00000000f8a80000, 0x0000000100000000)
  eden space 171520K, 100% used [0x00000000eab00000,0x00000000f5280000,0x00000000f5280000)
  from space 12800K, 0% used [0x00000000f6080000,0x00000000f6080000,0x00000000f6d00000)
  to   space 14336K, 0% used [0x00000000f5280000,0x00000000f5280000,0x00000000f6080000)
 ParOldGen       total 139264K, used 19407K [0x00000000c0000000, 0x00000000c8800000, 0x00000000eab00000)
  object space 139264K, 13% used [0x00000000c0000000,0x00000000c12f3e58,0x00000000c8800000)
 Metaspace       used 39222K, capacity 40244K, committed 40448K, reserved 1083392K
  class space    used 5571K, capacity 5857K, committed 5888K, reserved 1048576K
Event: 11.609 GC heap after
Heap after GC invocations=9 (full 2):
 PSYoungGen      total 185856K, used 14320K [0x00000000eab00000, 0x00000000fd400000, 0x0000000100000000)
  eden space 171520K, 0% used [0x00000000eab00000,0x00000000eab00000,0x00000000f5280000)
  from space 14336K, 99% used [0x00000000f5280000,0x00000000f607c020,0x00000000f6080000)
  to   space 17408K, 0% used [0x00000000fc300000,0x00000000fc300000,0x00000000fd400000)
 ParOldGen       total 139264K, used 21574K [0x00000000c0000000, 0x00000000c8800000, 0x00000000eab00000)
  object space 139264K, 15% used [0x00000000c0000000,0x00000000c15118c0,0x00000000c8800000)
 Metaspace       used 39222K, capacity 40244K, committed 40448K, reserved 1083392K
  class space    used 5571K, capacity 5857K, committed 5888K, reserved 1048576K
}
Event: 7336.770 GC heap before
{Heap before GC invocations=10 (full 2):
 PSYoungGen      total 185856K, used 185840K [0x00000000eab00000, 0x00000000fd400000, 0x0000000100000000)
  eden space 171520K, 100% used [0x00000000eab00000,0x00000000f5280000,0x00000000f5280000)
  from space 14336K, 99% used [0x00000000f5280000,0x00000000f607c020,0x00000000f6080000)
  to   space 17408K, 0% used [0x00000000fc300000,0x00000000fc300000,0x00000000fd400000)
 ParOldGen       total 139264K, used 21574K [0x00000000c0000000, 0x00000000c8800000, 0x00000000eab00000)
  object space 139264K, 15% used [0x00000000c0000000,0x00000000c15118c0,0x00000000c8800000)
 Metaspace       used 42215K, capacity 43382K, committed 43648K, reserved 1087488K
  class space    used 5950K, capacity 6235K, committed 6272K, reserved 1048576K
Event: 7336.858 GC heap after
Heap after GC invocations=10 (full 2):
 PSYoungGen      total 274432K, used 17399K [0x00000000eab00000, 0x00000000fd400000, 0x0000000100000000)
  eden space 257024K, 0% used [0x00000000eab00000,0x00000000eab00000,0x00000000fa600000)
  from space 17408K, 99% used [0x00000000fc300000,0x00000000fd3fdcb0,0x00000000fd400000)
  to   space 20480K, 0% used [0x00000000fac00000,0x00000000fac00000,0x00000000fc000000)
 ParOldGen       total 139264K, used 23039K [0x00000000c0000000, 0x00000000c8800000, 0x00000000eab00000)
  object space 139264K, 16% used [0x00000000c0000000,0x00000000c167fde8,0x00000000c8800000)
 Metaspace       used 42215K, capacity 43382K, committed 43648K, reserved 1087488K
  class space    used 5950K, capacity 6235K, committed 6272K, reserved 1048576K
}

Deoptimization events (10 events):
Event: 12.892 Thread 0x0000000018d67800 Uncommon trap: reason=class_check action=maybe_recompile pc=0x0000000003aede98 method=java.io.DataOutputStream.write(I)V @ 5
Event: 16.840 Thread 0x0000000018ba8800 Uncommon trap: reason=unstable_if action=reinterpret pc=0x00000000044a7570 method=com.esotericsoftware.kryo.io.Input.readInt(Z)I @ 6
Event: 17.059 Thread 0x0000000018d67800 Uncommon trap: reason=unstable_if action=reinterpret pc=0x000000000438fe20 method=java.io.WinNTFileSystem.isLetter(C)Z @ 21
Event: 17.302 Thread 0x0000000018d67800 Uncommon trap: reason=unstable_if action=reinterpret pc=0x0000000003d78e6c method=sun.nio.cs.UTF_8$Decoder.decodeArrayLoop(Ljava/nio/ByteBuffer;Ljava/nio/CharBuffer;)Ljava/nio/charset/CoderResult; @ 84
Event: 17.305 Thread 0x0000000018d67800 Uncommon trap: reason=unstable_if action=reinterpret pc=0x000000000352ef9c method=sun.nio.cs.UTF_8$Encoder.encode([CII[B)I @ 33
Event: 17.380 Thread 0x0000000018d67800 Uncommon trap: reason=unstable_if action=reinterpret pc=0x0000000003e2fc0c method=java.util.TreeMap.getCeilingEntry(Ljava/lang/Object;)Ljava/util/TreeMap$Entry; @ 80
Event: 34.452 Thread 0x000000001a701000 Uncommon trap: reason=unstable_if action=reinterpret pc=0x0000000003713cdc method=org.gradle.internal.logging.text.AbstractLineChoppingStyledTextOutput.doAppend(Ljava/lang/String;)V @ 98
Event: 61.333 Thread 0x0000000018d17800 Uncommon trap: reason=unstable_if action=reinterpret pc=0x0000000003ef5a80 method=java.io.ExpiringCache.entryFor(Ljava/lang/String;)Ljava/io/ExpiringCache$Entry; @ 39
Event: 1922.374 Thread 0x0000000018a4b800 Uncommon trap: reason=unstable_if action=reinterpret pc=0x00000000046b8564 method=java.util.concurrent.locks.AbstractQueuedSynchronizer$ConditionObject.awaitNanos(J)J @ 73
Event: 7363.646 Thread 0x000000001a703800 Uncommon trap: reason=unstable_if action=reinterpret pc=0x00000000047d8ef8 method=java.util.concurrent.ThreadPoolExecutor.getTask()Ljava/lang/Runnable; @ 62

Internal exceptions (10 events):
Event: 17.287 Thread 0x0000000018d67800 Exception <a 'java/lang/ClassNotFoundException': org/apache/tools/ant/filters/ReplaceTokensBeanInfo> (0x00000000eecad178) thrown at [C:\re\workspace\8-2-build-windows-amd64-cygwin\jdk8u112\7884\hotspot\src\share\vm\classfile\systemDictionary.cpp, line 210
Event: 17.287 Thread 0x0000000018d67800 Exception <a 'java/lang/ClassNotFoundException': org/apache/tools/ant/filters/BaseParamFilterReaderBeanInfo> (0x00000000eecb9400) thrown at [C:\re\workspace\8-2-build-windows-amd64-cygwin\jdk8u112\7884\hotspot\src\share\vm\classfile\systemDictionary.cpp, 
Event: 17.288 Thread 0x0000000018d67800 Exception <a 'java/lang/ClassNotFoundException': org/apache/tools/ant/filters/BaseFilterReaderBeanInfo> (0x00000000eecc5398) thrown at [C:\re\workspace\8-2-build-windows-amd64-cygwin\jdk8u112\7884\hotspot\src\share\vm\classfile\systemDictionary.cpp, line 
Event: 17.288 Thread 0x0000000018d67800 Exception <a 'java/lang/ClassNotFoundException': java/io/FilterReaderBeanInfo> (0x00000000eeccca90) thrown at [C:\re\workspace\8-2-build-windows-amd64-cygwin\jdk8u112\7884\hotspot\src\share\vm\classfile\systemDictionary.cpp, line 210]
Event: 17.288 Thread 0x0000000018d67800 Exception <a 'java/lang/ClassNotFoundException': java/io/ReaderBeanInfo> (0x00000000eecd3728) thrown at [C:\re\workspace\8-2-build-windows-amd64-cygwin\jdk8u112\7884\hotspot\src\share\vm\classfile\systemDictionary.cpp, line 210]
Event: 17.288 Thread 0x0000000018d67800 Exception <a 'java/lang/ClassNotFoundException': java/io/ReaderCustomizer> (0x00000000eecda798) thrown at [C:\re\workspace\8-2-build-windows-amd64-cygwin\jdk8u112\7884\hotspot\src\share\vm\classfile\systemDictionary.cpp, line 210]
Event: 17.288 Thread 0x0000000018d67800 Exception <a 'java/lang/ClassNotFoundException': java/io/FilterReaderCustomizer> (0x00000000eece6de8) thrown at [C:\re\workspace\8-2-build-windows-amd64-cygwin\jdk8u112\7884\hotspot\src\share\vm\classfile\systemDictionary.cpp, line 210]
Event: 17.289 Thread 0x0000000018d67800 Exception <a 'java/lang/ClassNotFoundException': org/apache/tools/ant/filters/BaseFilterReaderCustomizer> (0x00000000eecf95c8) thrown at [C:\re\workspace\8-2-build-windows-amd64-cygwin\jdk8u112\7884\hotspot\src\share\vm\classfile\systemDictionary.cpp, lin
Event: 17.289 Thread 0x0000000018d67800 Exception <a 'java/lang/ClassNotFoundException': org/apache/tools/ant/filters/BaseParamFilterReaderCustomizer> (0x00000000eed0a228) thrown at [C:\re\workspace\8-2-build-windows-amd64-cygwin\jdk8u112\7884\hotspot\src\share\vm\classfile\systemDictionary.cpp
Event: 17.289 Thread 0x0000000018d67800 Exception <a 'java/lang/ClassNotFoundException': org/apache/tools/ant/filters/ReplaceTokensCustomizer> (0x00000000eed189e8) thrown at [C:\re\workspace\8-2-build-windows-amd64-cygwin\jdk8u112\7884\hotspot\src\share\vm\classfile\systemDictionary.cpp, line 2

Events (10 events):
Event: 7363.598 loading class org/gradle/internal/remote/internal/hub/DefaultMethodArgsSerializer$EmptyArraySerializer done
Event: 7363.646 Thread 0x000000001a703800 Uncommon trap: trap_request=0xffffff65 fr.pc=0x00000000047d8ef8
Event: 7363.646 Thread 0x000000001a703800 DEOPT PACKING pc=0x00000000047d8ef8 sp=0x000000002238ed40
Event: 7363.646 Thread 0x000000001a703800 DEOPT UNPACKING pc=0x00000000033e582a sp=0x000000002238ecf0 mode 2
Event: 7423.655 Executing VM operation: RevokeBias
Event: 7423.659 Executing VM operation: RevokeBias done
Event: 7423.659 Thread 0x000000001a706800 Thread exited: 0x000000001a706800
Event: 7423.659 Thread 0x000000001a707000 Thread exited: 0x000000001a707000
Event: 7423.659 Thread 0x000000001a702000 Thread exited: 0x000000001a702000
Event: 7423.659 Thread 0x000000001a703800 Thread exited: 0x000000001a703800


Dynamic libraries:
0x00007ff644e90000 - 0x00007ff644ec7000 	C:\Program Files\Java\jdk1.8.0_112\bin\java.exe
0x00007ffc6c800000 - 0x00007ffc6c9db000 	C:\WINDOWS\SYSTEM32\ntdll.dll
0x00007ffc6c750000 - 0x00007ffc6c7fe000 	C:\WINDOWS\System32\KERNEL32.DLL
0x00007ffc68ef0000 - 0x00007ffc69139000 	C:\WINDOWS\System32\KERNELBASE.dll
0x00007ffc6a920000 - 0x00007ffc6a9c1000 	C:\WINDOWS\System32\ADVAPI32.dll
0x00007ffc6a440000 - 0x00007ffc6a4dd000 	C:\WINDOWS\System32\msvcrt.dll
0x00007ffc6a270000 - 0x00007ffc6a2c9000 	C:\WINDOWS\System32\sechost.dll
0x00007ffc69d70000 - 0x00007ffc69e95000 	C:\WINDOWS\System32\RPCRT4.dll
0x00007ffc6c600000 - 0x00007ffc6c74a000 	C:\WINDOWS\System32\USER32.dll
0x00007ffc69140000 - 0x00007ffc6915e000 	C:\WINDOWS\System32\win32u.dll
0x00007ffc6ab40000 - 0x00007ffc6ab67000 	C:\WINDOWS\System32\GDI32.dll
0x00007ffc69a10000 - 0x00007ffc69b99000 	C:\WINDOWS\System32\gdi32full.dll
0x00007ffc69970000 - 0x00007ffc69a0a000 	C:\WINDOWS\System32\msvcp_win.dll
0x00007ffc69ba0000 - 0x00007ffc69c96000 	C:\WINDOWS\System32\ucrtbase.dll
0x00007ffc57ff0000 - 0x00007ffc58257000 	C:\WINDOWS\WinSxS\amd64_microsoft.windows.common-controls_6595b64144ccf1df_6.0.15063.0_none_108e4f62dfe5d999\COMCTL32.dll
0x00007ffc6c2d0000 - 0x00007ffc6c5c9000 	C:\WINDOWS\System32\combase.dll
0x00007ffc69cf0000 - 0x00007ffc69d5a000 	C:\WINDOWS\System32\bcryptPrimitives.dll
0x00007ffc6c5d0000 - 0x00007ffc6c5fd000 	C:\WINDOWS\System32\IMM32.DLL
0x000000006a4b0000 - 0x000000006a582000 	C:\Program Files\Java\jdk1.8.0_112\jre\bin\msvcr100.dll
0x0000000068d30000 - 0x00000000695ca000 	C:\Program Files\Java\jdk1.8.0_112\jre\bin\server\jvm.dll
0x00007ffc69d60000 - 0x00007ffc69d68000 	C:\WINDOWS\System32\PSAPI.DLL
0x00007ffc5eff0000 - 0x00007ffc5effa000 	C:\WINDOWS\SYSTEM32\VERSION.dll
0x00007ffc5ded0000 - 0x00007ffc5def3000 	C:\WINDOWS\SYSTEM32\WINMM.dll
0x00007ffc65560000 - 0x00007ffc65569000 	C:\WINDOWS\SYSTEM32\WSOCK32.dll
0x00007ffc6abd0000 - 0x00007ffc6ac3c000 	C:\WINDOWS\System32\WS2_32.dll
0x00007ffc5dc90000 - 0x00007ffc5dcbb000 	C:\WINDOWS\SYSTEM32\WINMMBASE.dll
0x00007ffc69ca0000 - 0x00007ffc69ce9000 	C:\WINDOWS\System32\cfgmgr32.dll
0x000000006a4a0000 - 0x000000006a4af000 	C:\Program Files\Java\jdk1.8.0_112\jre\bin\verify.dll
0x000000006a470000 - 0x000000006a499000 	C:\Program Files\Java\jdk1.8.0_112\jre\bin\java.dll
0x000000006a450000 - 0x000000006a466000 	C:\Program Files\Java\jdk1.8.0_112\jre\bin\zip.dll
0x00007ffc6ae10000 - 0x00007ffc6c247000 	C:\WINDOWS\System32\SHELL32.dll
0x00007ffc6ac40000 - 0x00007ffc6acea000 	C:\WINDOWS\System32\shcore.dll
0x00007ffc69210000 - 0x00007ffc69902000 	C:\WINDOWS\System32\windows.storage.dll
0x00007ffc6acf0000 - 0x00007ffc6ad41000 	C:\WINDOWS\System32\shlwapi.dll
0x00007ffc68ce0000 - 0x00007ffc68cf1000 	C:\WINDOWS\System32\kernel.appcore.dll
0x00007ffc68c70000 - 0x00007ffc68cbc000 	C:\WINDOWS\System32\powrprof.dll
0x00007ffc68cc0000 - 0x00007ffc68cd5000 	C:\WINDOWS\System32\profapi.dll
0x000000006a430000 - 0x000000006a44a000 	C:\Program Files\Java\jdk1.8.0_112\jre\bin\net.dll
0x00007ffc68520000 - 0x00007ffc6857c000 	C:\WINDOWS\system32\mswsock.dll
0x000000006a410000 - 0x000000006a421000 	C:\Program Files\Java\jdk1.8.0_112\jre\bin\nio.dll
0x00007ffc407d0000 - 0x00007ffc407ee000 	C:\Users\rocks\.gradle\native\24\windows-amd64\native-platform.dll
0x00007ffc686c0000 - 0x00007ffc686d7000 	C:\WINDOWS\SYSTEM32\CRYPTSP.dll
0x00007ffc68140000 - 0x00007ffc68174000 	C:\WINDOWS\system32\rsaenh.dll
0x00007ffc68b40000 - 0x00007ffc68b65000 	C:\WINDOWS\SYSTEM32\bcrypt.dll
0x00007ffc68b70000 - 0x00007ffc68b99000 	C:\WINDOWS\SYSTEM32\USERENV.dll
0x00007ffc686e0000 - 0x00007ffc686eb000 	C:\WINDOWS\SYSTEM32\CRYPTBASE.dll
0x00007ffc682c0000 - 0x00007ffc682f7000 	C:\WINDOWS\SYSTEM32\IPHLPAPI.DLL
0x00007ffc6a0b0000 - 0x00007ffc6a0b8000 	C:\WINDOWS\System32\NSI.dll
0x00007ffc61bc0000 - 0x00007ffc61bd6000 	C:\WINDOWS\SYSTEM32\dhcpcsvc6.DLL
0x00007ffc61ac0000 - 0x00007ffc61ada000 	C:\WINDOWS\SYSTEM32\dhcpcsvc.DLL
0x000000006a400000 - 0x000000006a40d000 	C:\Program Files\Java\jdk1.8.0_112\jre\bin\management.dll

VM Arguments:
jvm_args: -XX:MaxPermSize=256m -XX:+HeapDumpOnOutOfMemoryError -Xmx1024m -Dfile.encoding=UTF-8 -Duser.country=US -Duser.language=en -Duser.variant 
java_command: org.gradle.launcher.daemon.bootstrap.GradleDaemon 3.4.1
java_class_path (initial): C:\Users\rocks\.gradle\wrapper\dists\gradle-3.4.1-bin\71zneekfcxxu7l9p7nr2sc65s\gradle-3.4.1\lib\gradle-launcher-3.4.1.jar
Launcher Type: SUN_STANDARD

Environment Variables:
JAVA_HOME=C:\Program Files\Java\jdk1.8.0_112
PATH=C:\ProgramData\Oracle\Java\javapath;C:\WINDOWS\system32;C:\WINDOWS;C:\WINDOWS\System32\Wbem;C:\WINDOWS\System32\WindowsPowerShell\v1.0\;C:\Program Files (x86)\Skype\Phone\;%JAVA_HOME\bin%;C:\Program Files\MATLAB\R2014a\runtime\win64;C:\Program Files\MATLAB\R2014a\bin;C:\Program Files\MATLAB\R2014a\polyspace\bin;C:\Program Files\Java\jdk1.8.0_112\bin;%GRAILS_HOME%;C:\Program Files\nodejs\;C:\Program Files\PuTTY\;C:\pyth2.7;C:\pyth2.7\Scripts;C:\Program Files\Git\cmd;C:\Program Files (x86)\Windows Kits\8.1\Windows Performance Toolkit\;C:\Users\rocks\Anaconda2;C:\Users\rocks\Anaconda2\Scripts;C:\Users\rocks\Anaconda2\Library\bin;C:\Users\rocks\AppData\Local\Microsoft\WindowsApps;C:\Users\rocks\Downloads\Compressed\grails-3.2.3\grails-3.2.3;C:\Users\rocks\AppData\Roaming\npm;C:\Program Files\Heroku\bin;C:\Program Files\Java\jdk1.8.0_112\bin;
USERNAME=rocks
OS=Windows_NT
PROCESSOR_IDENTIFIER=Intel64 Family 6 Model 78 Stepping 3, GenuineIntel



---------------  S Y S T E M  ---------------

OS: Windows 10.0 , 64 bit Build 15063 (10.0.15063.296)

CPU:total 4 (2 cores per cpu, 2 threads per core) family 6 model 78 stepping 3, cmov, cx8, fxsr, mmx, sse, sse2, sse3, ssse3, sse4.1, sse4.2, popcnt, avx, avx2, aes, clmul, erms, 3dnowpref, lzcnt, ht, tsc, tscinvbit, bmi1, bmi2, adx

Memory: 4k page, physical 16680864k(301304k free), swap 47432860k(0k free)

vm_info: Java HotSpot(TM) 64-Bit Server VM (25.112-b15) for windows-amd64 JRE (1.8.0_112-b15), built on Sep 22 2016 21:31:56 by "java_re" with MS VC++ 10.0 (VS2010)

time: Tue Jun 13 14:57:43 2017
elapsed time: 7501 seconds (0d 2h 5m 1s)

